[22-Mar-2025 09:54:37 Africa/Nairobi] PHP Notice:  Undefined offset: 1 in /home/emptyjou/demo.pradytec.com/mfs/bi/dormancy.php on line 30
[22-Mar-2025 09:54:37 Africa/Nairobi] PHP Notice:  Trying to access array offset on value of type null in /home/emptyjou/demo.pradytec.com/mfs/bi/dormancy.php on line 30
[22-Mar-2025 09:54:37 Africa/Nairobi] PHP Notice:  Undefined offset: 1 in /home/emptyjou/demo.pradytec.com/mfs/bi/dormancy.php on line 30
[22-Mar-2025 09:54:37 Africa/Nairobi] PHP Notice:  Trying to access array offset on value of type null in /home/emptyjou/demo.pradytec.com/mfs/bi/dormancy.php on line 30
[22-Mar-2025 09:54:37 Africa/Nairobi] PHP Notice:  Undefined offset: 0 in /home/emptyjou/demo.pradytec.com/mfs/bi/dormancy.php on line 61
[22-Jul-2025 17:27:28 Africa/Nairobi] PHP Notice:  Undefined index: newloans in /home/emptyjou/demo.pradytec.com/mfs/bi/personnel.php on line 254
[22-Jul-2025 17:27:28 Africa/Nairobi] PHP Notice:  Undefined index: repeats in /home/emptyjou/demo.pradytec.com/mfs/bi/personnel.php on line 254
[22-Jul-2025 17:27:28 Africa/Nairobi] PHP Notice:  Undefined index: performing in /home/emptyjou/demo.pradytec.com/mfs/bi/personnel.php on line 254
[22-Jul-2025 17:27:28 Africa/Nairobi] PHP Notice:  Undefined index: arrears in /home/emptyjou/demo.pradytec.com/mfs/bi/personnel.php on line 254
[22-Jul-2025 17:27:28 Africa/Nairobi] PHP Notice:  Undefined index: loanbook in /home/emptyjou/demo.pradytec.com/mfs/bi/personnel.php on line 254
[22-Jul-2025 17:27:28 Africa/Nairobi] PHP Notice:  Undefined index: loanbook in /home/emptyjou/demo.pradytec.com/mfs/bi/personnel.php on line 258
[22-Jul-2025 17:27:28 Africa/Nairobi] PHP Notice:  Undefined index: clientelle in /home/emptyjou/demo.pradytec.com/mfs/bi/personnel.php on line 254
[22-Jul-2025 17:27:28 Africa/Nairobi] PHP Notice:  Undefined index: income in /home/emptyjou/demo.pradytec.com/mfs/bi/personnel.php on line 254
[22-Jul-2025 17:27:28 Africa/Nairobi] PHP Notice:  Undefined index: checkoff in /home/emptyjou/demo.pradytec.com/mfs/bi/personnel.php on line 254
[22-Jul-2025 17:27:28 Africa/Nairobi] PHP Notice:  Undefined index: disbursement in /home/emptyjou/demo.pradytec.com/mfs/bi/personnel.php on line 254
[22-Jul-2025 17:27:28 Africa/Nairobi] PHP Notice:  Undefined index: disbursement in /home/emptyjou/demo.pradytec.com/mfs/bi/personnel.php on line 258
[22-Jul-2025 17:27:28 Africa/Nairobi] PHP Notice:  Undefined index: olb in /home/emptyjou/demo.pradytec.com/mfs/bi/personnel.php on line 254
[22-Jul-2025 17:27:31 Africa/Nairobi] PHP Notice:  Undefined index: newloans in /home/emptyjou/demo.pradytec.com/mfs/bi/personnel.php on line 254
[22-Jul-2025 17:27:31 Africa/Nairobi] PHP Notice:  Undefined index: repeats in /home/emptyjou/demo.pradytec.com/mfs/bi/personnel.php on line 254
[22-Jul-2025 17:27:31 Africa/Nairobi] PHP Notice:  Undefined index: performing in /home/emptyjou/demo.pradytec.com/mfs/bi/personnel.php on line 254
[22-Jul-2025 17:27:31 Africa/Nairobi] PHP Notice:  Undefined index: arrears in /home/emptyjou/demo.pradytec.com/mfs/bi/personnel.php on line 254
[22-Jul-2025 17:27:31 Africa/Nairobi] PHP Notice:  Undefined index: loanbook in /home/emptyjou/demo.pradytec.com/mfs/bi/personnel.php on line 254
[22-Jul-2025 17:27:31 Africa/Nairobi] PHP Notice:  Undefined index: loanbook in /home/emptyjou/demo.pradytec.com/mfs/bi/personnel.php on line 258
[22-Jul-2025 17:27:31 Africa/Nairobi] PHP Notice:  Undefined index: clientelle in /home/emptyjou/demo.pradytec.com/mfs/bi/personnel.php on line 254
[22-Jul-2025 17:27:31 Africa/Nairobi] PHP Notice:  Undefined index: income in /home/emptyjou/demo.pradytec.com/mfs/bi/personnel.php on line 254
[22-Jul-2025 17:27:31 Africa/Nairobi] PHP Notice:  Undefined index: checkoff in /home/emptyjou/demo.pradytec.com/mfs/bi/personnel.php on line 254
[22-Jul-2025 17:27:31 Africa/Nairobi] PHP Notice:  Undefined index: disbursement in /home/emptyjou/demo.pradytec.com/mfs/bi/personnel.php on line 254
[22-Jul-2025 17:27:31 Africa/Nairobi] PHP Notice:  Undefined index: disbursement in /home/emptyjou/demo.pradytec.com/mfs/bi/personnel.php on line 258
[22-Jul-2025 17:27:31 Africa/Nairobi] PHP Notice:  Undefined index: olb in /home/emptyjou/demo.pradytec.com/mfs/bi/personnel.php on line 254
[22-Jul-2025 17:27:33 Africa/Nairobi] PHP Notice:  Undefined index: newloans in /home/emptyjou/demo.pradytec.com/mfs/bi/personnel.php on line 254
[22-Jul-2025 17:27:33 Africa/Nairobi] PHP Notice:  Undefined index: repeats in /home/emptyjou/demo.pradytec.com/mfs/bi/personnel.php on line 254
[22-Jul-2025 17:27:33 Africa/Nairobi] PHP Notice:  Undefined index: performing in /home/emptyjou/demo.pradytec.com/mfs/bi/personnel.php on line 254
[22-Jul-2025 17:27:33 Africa/Nairobi] PHP Notice:  Undefined index: arrears in /home/emptyjou/demo.pradytec.com/mfs/bi/personnel.php on line 254
[22-Jul-2025 17:27:33 Africa/Nairobi] PHP Notice:  Undefined index: loanbook in /home/emptyjou/demo.pradytec.com/mfs/bi/personnel.php on line 254
[22-Jul-2025 17:27:33 Africa/Nairobi] PHP Notice:  Undefined index: loanbook in /home/emptyjou/demo.pradytec.com/mfs/bi/personnel.php on line 258
[22-Jul-2025 17:27:33 Africa/Nairobi] PHP Notice:  Undefined index: clientelle in /home/emptyjou/demo.pradytec.com/mfs/bi/personnel.php on line 254
[22-Jul-2025 17:27:33 Africa/Nairobi] PHP Notice:  Undefined index: income in /home/emptyjou/demo.pradytec.com/mfs/bi/personnel.php on line 254
[22-Jul-2025 17:27:33 Africa/Nairobi] PHP Notice:  Undefined index: checkoff in /home/emptyjou/demo.pradytec.com/mfs/bi/personnel.php on line 254
[22-Jul-2025 17:27:33 Africa/Nairobi] PHP Notice:  Undefined index: disbursement in /home/emptyjou/demo.pradytec.com/mfs/bi/personnel.php on line 254
[22-Jul-2025 17:27:33 Africa/Nairobi] PHP Notice:  Undefined index: disbursement in /home/emptyjou/demo.pradytec.com/mfs/bi/personnel.php on line 258
[22-Jul-2025 17:27:33 Africa/Nairobi] PHP Notice:  Undefined index: olb in /home/emptyjou/demo.pradytec.com/mfs/bi/personnel.php on line 254
[22-Jul-2025 17:27:34 Africa/Nairobi] PHP Notice:  Undefined index: newloans in /home/emptyjou/demo.pradytec.com/mfs/bi/personnel.php on line 254
[22-Jul-2025 17:27:34 Africa/Nairobi] PHP Notice:  Undefined index: repeats in /home/emptyjou/demo.pradytec.com/mfs/bi/personnel.php on line 254
[22-Jul-2025 17:27:34 Africa/Nairobi] PHP Notice:  Undefined index: performing in /home/emptyjou/demo.pradytec.com/mfs/bi/personnel.php on line 254
[22-Jul-2025 17:27:34 Africa/Nairobi] PHP Notice:  Undefined index: arrears in /home/emptyjou/demo.pradytec.com/mfs/bi/personnel.php on line 254
[22-Jul-2025 17:27:34 Africa/Nairobi] PHP Notice:  Undefined index: loanbook in /home/emptyjou/demo.pradytec.com/mfs/bi/personnel.php on line 254
[22-Jul-2025 17:27:34 Africa/Nairobi] PHP Notice:  Undefined index: loanbook in /home/emptyjou/demo.pradytec.com/mfs/bi/personnel.php on line 258
[22-Jul-2025 17:27:34 Africa/Nairobi] PHP Notice:  Undefined index: clientelle in /home/emptyjou/demo.pradytec.com/mfs/bi/personnel.php on line 254
[22-Jul-2025 17:27:34 Africa/Nairobi] PHP Notice:  Undefined index: income in /home/emptyjou/demo.pradytec.com/mfs/bi/personnel.php on line 254
[22-Jul-2025 17:27:34 Africa/Nairobi] PHP Notice:  Undefined index: checkoff in /home/emptyjou/demo.pradytec.com/mfs/bi/personnel.php on line 254
[22-Jul-2025 17:27:34 Africa/Nairobi] PHP Notice:  Undefined index: disbursement in /home/emptyjou/demo.pradytec.com/mfs/bi/personnel.php on line 254
[22-Jul-2025 17:27:34 Africa/Nairobi] PHP Notice:  Undefined index: disbursement in /home/emptyjou/demo.pradytec.com/mfs/bi/personnel.php on line 258
[22-Jul-2025 17:27:34 Africa/Nairobi] PHP Notice:  Undefined index: olb in /home/emptyjou/demo.pradytec.com/mfs/bi/personnel.php on line 254
[22-Jul-2025 17:27:35 Africa/Nairobi] PHP Notice:  Undefined index: newloans in /home/emptyjou/demo.pradytec.com/mfs/bi/personnel.php on line 254
[22-Jul-2025 17:27:35 Africa/Nairobi] PHP Notice:  Undefined index: repeats in /home/emptyjou/demo.pradytec.com/mfs/bi/personnel.php on line 254
[22-Jul-2025 17:27:35 Africa/Nairobi] PHP Notice:  Undefined index: performing in /home/emptyjou/demo.pradytec.com/mfs/bi/personnel.php on line 254
[22-Jul-2025 17:27:35 Africa/Nairobi] PHP Notice:  Undefined index: arrears in /home/emptyjou/demo.pradytec.com/mfs/bi/personnel.php on line 254
[22-Jul-2025 17:27:35 Africa/Nairobi] PHP Notice:  Undefined index: loanbook in /home/emptyjou/demo.pradytec.com/mfs/bi/personnel.php on line 254
[22-Jul-2025 17:27:35 Africa/Nairobi] PHP Notice:  Undefined index: loanbook in /home/emptyjou/demo.pradytec.com/mfs/bi/personnel.php on line 258
[22-Jul-2025 17:27:35 Africa/Nairobi] PHP Notice:  Undefined index: clientelle in /home/emptyjou/demo.pradytec.com/mfs/bi/personnel.php on line 254
[22-Jul-2025 17:27:35 Africa/Nairobi] PHP Notice:  Undefined index: income in /home/emptyjou/demo.pradytec.com/mfs/bi/personnel.php on line 254
[22-Jul-2025 17:27:35 Africa/Nairobi] PHP Notice:  Undefined index: checkoff in /home/emptyjou/demo.pradytec.com/mfs/bi/personnel.php on line 254
[22-Jul-2025 17:27:35 Africa/Nairobi] PHP Notice:  Undefined index: disbursement in /home/emptyjou/demo.pradytec.com/mfs/bi/personnel.php on line 254
[22-Jul-2025 17:27:35 Africa/Nairobi] PHP Notice:  Undefined index: disbursement in /home/emptyjou/demo.pradytec.com/mfs/bi/personnel.php on line 258
[22-Jul-2025 17:27:35 Africa/Nairobi] PHP Notice:  Undefined index: olb in /home/emptyjou/demo.pradytec.com/mfs/bi/personnel.php on line 254
